SF:lib\business_logic\notes_cubit.dart
DA:12,15
DA:14,3
DA:15,15
DA:16,12
DA:19,3
DA:20,21
DA:21,12
DA:24,2
DA:25,10
DA:26,10
DA:27,8
DA:32,0
LF:12
LH:11
end_of_record
SF:lib\models\note.dart
DA:10,4
DA:12,1
DA:13,4
LF:3
LH:3
end_of_record
SF:lib\business_logic\state.dart
DA:6,3
LF:1
LH:1
end_of_record
SF:lib\pages\home_page.dart
DA:12,1
DA:13,1
DA:15,1
DA:17,1
DA:18,1
DA:19,2
DA:21,1
DA:23,1
DA:24,2
DA:25,2
DA:26,1
DA:27,2
DA:29,1
DA:30,2
DA:31,2
DA:32,2
DA:37,1
DA:38,2
DA:47,2
DA:49,1
DA:50,3
LF:21
LH:21
end_of_record
SF:lib\pages\note_page.dart
DA:11,4
DA:13,2
DA:14,2
DA:22,2
DA:26,2
DA:27,4
DA:30,10
DA:31,10
DA:37,2
DA:39,2
DA:40,2
DA:41,2
DA:42,8
DA:45,2
DA:47,2
DA:48,2
DA:49,2
DA:51,2
DA:55,2
DA:56,2
DA:58,2
DA:65,2
DA:66,2
DA:73,1
DA:75,2
DA:78,10
DA:80,3
DA:84,7
DA:86,2
DA:89,1
DA:91,6
DA:92,2
DA:95,2
DA:98,2
DA:99,4
DA:100,4
LF:36
LH:36
end_of_record
